<?xml version="1.0" encoding="UTF-8"?>
<!-- Generated by org.testng.reporters.JUnitReportReporter -->
<testsuite skipped="0" hostname="T-M7058QKA" name="com.test.cases.testBaidu2" tests="2" failures="0" timestamp="18 七月 2018 03:27:01 GMT" time="6.650" errors="0">
  <testcase name="testCase" time="3.241" classname="com.test.cases.testBaidu2"/>
  <testcase name="testCase" time="3.409" classname="com.test.cases.testBaidu2"/>
</testsuite> <!-- com.test.cases.testBaidu2 -->
