<?xml version="1.0" encoding="UTF-8"?>
<!-- Generated by org.testng.reporters.JUnitReportReporter -->
<testsuite skipped="0" hostname="T-M7058QKA" name="com.test.cases.LoginTest1" tests="1" failures="0" timestamp="18 七月 2018 03:27:01 GMT" time="0.007" errors="0">
  <testcase name="testCase1" time="0.007" classname="com.test.cases.LoginTest1"/>
</testsuite> <!-- com.test.cases.LoginTest1 -->
